[[22, 7], [22, 6], [21, 5], [20, 5], [20, 6], [21, 7], [22, 8], [23, 9], [24, 8], [24, 7], [23, 6], [22, 6], [21, 7], [20, 8], [20, 9], [21, 9], [22, 9], [23, 8], [22, 7], [21, 8], [20, 9]]
[[22, 7], [22, 6], [21, 5], [20, 5], [20, 6], [21, 7], [22, 8], [23, 9], [24, 8], [24, 7], [23, 6], [22, 6], [21, 7], [20, 8], [20, 9], [21, 9], [22, 9], [23, 8], [22, 7], [21, 8], [20, 9]]
[[22, 7], [22, 6], [21, 5], [20, 5], [20, 6], [21, 7], [22, 8], [23, 9], [24, 8], [24, 7], [23, 6], [22, 6], [21, 7], [20, 8], [20, 9], [21, 9], [22, 9], [23, 8], [22, 7], [21, 8], [20, 9], [21, 10], [22, 10], [23, 10], [23, 9], [22, 8], [21, 9], [20, 10], [19, 11], [18, 12]]
[[22, 7], [22, 6], [21, 5], [20, 5], [20, 6], [21, 7], [22, 8], [23, 9], [24, 8], [24, 7], [23, 6], [22, 6], [21, 7], [20, 8], [20, 9], [21, 9], [22, 9], [23, 8], [22, 7], [21, 8], [20, 9]]
[[22, 7], [22, 6], [21, 5], [20, 5], [20, 6], [21, 7], [22, 8], [23, 9], [24, 8], [24, 7], [23, 6], [22, 6], [21, 7], [20, 8], [20, 9], [21, 9], [22, 9], [23, 8], [22, 7], [21, 8], [20, 9], [21, 10], [22, 10], [23, 10], [23, 9], [22, 8], [21, 9], [20, 10], [19, 11], [18, 12]]
[[22, 7], [22, 6], [21, 5], [20, 5], [20, 6], [21, 7], [22, 8], [23, 9], [24, 8], [24, 7], [23, 6], [22, 6], [21, 7], [20, 8], [20, 9], [21, 9], [22, 9], [23, 8], [22, 7], [21, 8], [20, 9]]
[[22, 7], [22, 6], [21, 5], [20, 5], [20, 6], [21, 7], [22, 8], [23, 9], [24, 8], [24, 7], [23, 6], [22, 6], [21, 7], [20, 8], [20, 9], [21, 9], [22, 9], [23, 8], [22, 7], [21, 8], [20, 9], [21, 10], [22, 10], [23, 10], [23, 9], [22, 8], [21, 9], [20, 10], [19, 11], [18, 12]]
[[22, 7], [22, 6], [21, 5], [20, 5], [20, 6], [21, 7], [22, 8], [23, 9], [24, 8], [24, 7], [23, 6], [22, 6], [21, 7], [20, 8], [20, 9], [21, 9], [22, 9], [23, 8], [22, 7], [21, 8], [20, 9]]
[[22, 7], [22, 6], [21, 5], [20, 5], [20, 6], [21, 7], [22, 8], [23, 9], [24, 8], [24, 7], [23, 6], [22, 6], [21, 7], [20, 8], [20, 9], [21, 9], [22, 9], [23, 8], [22, 7], [21, 8], [20, 9], [21, 10], [22, 10], [23, 10], [23, 9], [22, 8], [21, 9], [20, 10], [19, 11], [18, 12]]
[[22, 7], [22, 6], [21, 5], [20, 5], [20, 6], [21, 7], [22, 8], [23, 9], [24, 8], [24, 7], [23, 6], [22, 6], [21, 7], [20, 8], [20, 9], [21, 9], [22, 9], [23, 8], [22, 7], [21, 8], [20, 9]]
[[22, 7], [22, 6], [21, 5], [20, 5], [20, 6], [21, 7], [22, 8], [23, 9], [24, 8], [24, 7], [23, 6], [22, 6], [21, 7], [20, 8], [20, 9], [21, 9], [22, 9], [23, 8], [22, 7], [21, 8], [20, 9], [21, 10], [22, 10], [23, 10], [23, 9], [22, 8], [21, 9], [20, 10], [19, 11], [18, 12]]
[[22, 7], [22, 6], [21, 5], [20, 5], [20, 6], [21, 7], [22, 8], [23, 9], [24, 8], [24, 7], [23, 6], [22, 6], [21, 7], [20, 8], [20, 9], [21, 9], [22, 9], [23, 8], [22, 7], [21, 8], [20, 9]]
[[22, 7], [22, 6], [21, 5], [20, 5], [20, 6], [21, 7], [22, 8], [23, 9], [24, 8], [24, 7], [23, 6], [22, 6], [21, 7], [20, 8], [20, 9], [21, 9], [22, 9], [23, 8], [22, 7], [21, 8], [20, 9], [21, 10], [22, 10], [23, 10], [23, 9], [22, 8], [21, 9], [20, 10], [19, 11], [18, 12]]
[[22, 7], [22, 6], [21, 5], [20, 5], [20, 6], [21, 7], [22, 8], [23, 9], [24, 8], [24, 7], [23, 6], [22, 6], [21, 7], [20, 8], [20, 9], [21, 9], [22, 9], [23, 8], [22, 7], [21, 8], [20, 9]]
[[22, 7], [22, 6], [21, 5], [20, 5], [20, 6], [21, 7], [22, 8], [23, 9], [24, 8], [24, 7], [23, 6], [22, 6], [21, 7], [20, 8], [20, 9], [21, 9], [22, 9], [23, 8], [22, 7], [21, 8], [20, 9], [21, 10], [22, 10], [23, 10], [23, 9], [22, 8], [21, 9], [21, 10], [21, 11], [21, 12], [21, 13], [21, 14], [22, 15], [23, 15], [23, 14], [22, 14], [22, 15], [22, 16]]
[[22, 7], [22, 6], [21, 5], [20, 5], [20, 6], [21, 7], [22, 8], [23, 9], [24, 8], [24, 7], [23, 6], [22, 6], [21, 7], [20, 8], [20, 9], [21, 9], [22, 9], [23, 8], [22, 7], [21, 8], [20, 9]]
[[22, 7], [22, 6], [21, 5], [20, 5], [20, 6], [21, 7], [22, 8], [23, 9], [24, 8], [24, 7], [23, 6], [22, 6], [21, 7], [20, 8], [20, 9], [21, 9], [22, 9], [23, 8], [22, 7], [21, 8], [20, 9], [21, 10], [22, 10], [23, 10], [23, 9], [22, 8], [21, 9], [21, 10], [21, 11], [21, 12], [21, 13], [21, 14], [22, 15], [23, 15], [23, 14], [22, 14], [22, 15], [22, 16]]
[[22, 7], [22, 6], [21, 5], [20, 5], [20, 6], [21, 7], [22, 8], [23, 9], [24, 8], [24, 7], [23, 6], [22, 6], [21, 7], [20, 8], [20, 9], [21, 9], [22, 9], [23, 8], [22, 7], [21, 8], [20, 9]]
[[22, 7], [22, 6], [21, 5], [20, 5], [20, 6], [21, 7], [22, 8], [23, 9], [24, 8], [24, 7], [23, 6], [22, 6], [21, 7], [20, 8], [20, 9], [21, 9], [22, 9], [23, 8], [22, 7], [21, 8], [20, 9], [21, 10], [22, 10], [23, 10], [23, 9], [22, 8], [21, 9], [21, 10], [21, 11], [21, 12], [21, 13], [21, 14], [22, 15], [23, 15], [23, 14], [22, 14], [22, 15], [22, 16]]
[[22, 7], [22, 6], [21, 5], [20, 5], [20, 6], [21, 7], [22, 8], [23, 9], [24, 8], [24, 7], [23, 6], [22, 6], [21, 7], [20, 8], [20, 9], [21, 9], [22, 9], [23, 8], [22, 7], [21, 8], [20, 9]]
[[22, 7], [22, 6], [21, 5], [20, 5], [20, 6], [21, 7], [22, 8], [23, 9], [24, 8], [24, 7], [23, 6], [22, 6], [21, 7], [20, 8], [20, 9], [21, 9], [22, 9], [23, 8], [22, 7], [21, 8], [20, 9], [21, 10], [22, 10], [23, 10], [23, 9], [22, 8], [21, 9], [21, 10], [21, 11], [21, 12], [21, 13], [21, 14], [22, 15], [23, 15], [23, 14], [22, 14], [22, 15], [22, 16]]
[[22, 7], [22, 6], [21, 5], [20, 5], [20, 6], [21, 7], [22, 8], [23, 9], [24, 8], [24, 7], [23, 6], [22, 6], [21, 7], [20, 8], [20, 9], [21, 9], [22, 9], [23, 8], [22, 7], [21, 8], [20, 9]]
[[22, 7], [22, 6], [21, 5], [20, 5], [20, 6], [21, 7], [22, 8], [23, 9], [24, 8], [24, 7], [23, 6], [22, 6], [21, 7], [20, 8], [20, 9], [21, 9], [22, 9], [23, 8], [22, 7], [21, 8], [20, 9], [21, 10], [22, 10], [23, 10], [23, 9], [22, 8], [21, 9], [21, 10], [21, 11], [21, 12], [21, 13], [21, 14], [22, 15], [23, 15], [23, 14], [22, 13], [21, 14], [20, 15], [20, 16], [21, 16], [21, 15], [20, 15], [19, 16], [18, 17], [18, 18]]
[[22, 7], [22, 6], [21, 5], [20, 5], [20, 6], [21, 7], [22, 8], [23, 9], [24, 8], [24, 7], [23, 6], [22, 6], [21, 7], [20, 8], [20, 9], [21, 9], [22, 9], [23, 8], [22, 7], [21, 8], [20, 9]]
[[22, 7], [22, 6], [21, 5], [20, 5], [20, 6], [21, 7], [22, 8], [23, 9], [24, 8], [24, 7], [23, 6], [22, 6], [21, 7], [20, 8], [20, 9], [21, 9], [22, 9], [23, 8], [22, 7], [21, 8], [20, 9], [21, 10], [22, 10], [23, 10], [23, 9], [22, 8], [21, 9], [21, 10], [21, 11], [21, 12], [21, 13], [21, 14], [22, 15], [23, 15], [23, 14], [22, 13], [21, 14], [20, 15], [20, 16], [21, 16], [21, 15], [20, 15], [19, 16], [18, 17], [18, 18]]
[[22, 7], [22, 6], [21, 5], [20, 5], [20, 6], [21, 7], [22, 8], [23, 9], [24, 8], [24, 7], [23, 6], [22, 6], [21, 7], [20, 8], [20, 9], [21, 9], [22, 9], [23, 8], [22, 7], [21, 8], [20, 9]]
[[22, 7], [22, 6], [21, 5], [20, 5], [20, 6], [21, 7], [22, 8], [23, 9], [24, 8], [24, 7], [23, 6], [22, 6], [21, 7], [20, 8], [20, 9], [21, 9], [22, 9], [23, 8], [22, 7], [21, 8], [20, 9], [21, 10], [22, 10], [23, 10], [23, 9], [22, 8], [21, 9], [21, 10], [21, 11], [21, 12], [21, 13], [21, 14], [22, 15], [23, 15], [23, 14], [22, 13], [21, 14], [20, 15], [20, 16], [21, 16], [21, 15], [20, 15], [19, 16], [18, 17], [18, 18]]
[[22, 7], [22, 6], [21, 5], [20, 5], [20, 6], [21, 7], [22, 8], [23, 9], [24, 8], [24, 7], [23, 6], [22, 6], [21, 7], [20, 8], [20, 9], [21, 9], [22, 9], [23, 8], [22, 7], [21, 8], [20, 9]]
[[22, 7], [22, 6], [21, 5], [20, 5], [20, 6], [21, 7], [22, 8], [23, 9], [24, 8], [24, 7], [23, 6], [22, 6], [21, 7], [20, 8], [20, 9], [21, 9], [22, 9], [23, 8], [22, 7], [21, 8], [20, 9], [21, 10], [22, 10], [23, 10], [23, 9], [22, 8], [21, 9], [21, 10], [21, 11], [21, 12], [21, 13], [21, 14], [22, 15], [23, 15], [23, 14], [22, 13], [21, 14], [20, 15], [20, 16], [21, 16], [21, 15], [20, 15], [19, 16], [18, 17], [18, 18]]
[[22, 7], [22, 6], [21, 5], [20, 5], [20, 6], [21, 7], [22, 8], [23, 9], [24, 8], [24, 7], [23, 6], [22, 6], [21, 7], [20, 8], [20, 9], [21, 9], [22, 9], [23, 8], [22, 7], [21, 8], [20, 9]]
[[22, 7], [22, 6], [21, 5], [20, 5], [20, 6], [21, 7], [22, 8], [23, 9], [24, 8], [24, 7], [23, 6], [22, 6], [21, 7], [20, 8], [20, 9], [21, 9], [22, 9], [23, 8], [22, 7], [21, 8], [20, 9], [21, 10], [22, 10], [23, 10], [23, 9], [22, 8], [21, 9], [21, 10], [21, 11], [21, 12], [21, 13], [21, 14], [22, 15], [23, 15], [23, 14], [22, 13], [21, 14], [20, 15], [20, 16], [21, 16], [21, 15], [20, 15], [19, 16], [18, 17], [18, 18]]
[[22, 7], [22, 6], [21, 5], [20, 5], [20, 6], [21, 7], [22, 8], [23, 9], [24, 8], [24, 7], [23, 6], [22, 6], [21, 7], [20, 8], [20, 9], [21, 9], [22, 9], [23, 8], [22, 7], [21, 8], [20, 9]]
[[22, 7], [22, 6], [21, 5], [20, 5], [20, 6], [21, 7], [22, 8], [23, 9], [24, 8], [24, 7], [23, 6], [22, 6], [21, 7], [20, 8], [20, 9], [21, 9], [22, 9], [23, 8], [22, 7], [21, 8], [20, 9], [21, 10], [22, 10], [23, 10], [23, 9], [22, 8], [21, 9], [21, 10], [21, 11], [21, 12], [21, 13], [21, 14], [22, 15], [23, 15], [23, 14], [22, 13], [21, 14], [20, 15], [20, 16], [21, 16], [21, 15], [20, 15], [19, 16], [18, 17], [18, 18]]
[[22, 7], [22, 6], [21, 5], [20, 5], [20, 6], [21, 7], [22, 8], [23, 9], [24, 8], [24, 7], [23, 6], [22, 6], [21, 7], [20, 8], [20, 9], [21, 9], [22, 9], [23, 8], [22, 7], [21, 8], [20, 9]]
[[22, 7], [22, 6], [21, 5], [20, 5], [20, 6], [21, 7], [22, 8], [23, 9], [24, 8], [24, 7], [23, 6], [22, 6], [21, 7], [20, 8], [20, 9], [21, 9], [22, 9], [23, 8], [22, 7], [21, 8], [20, 9], [21, 10], [22, 10], [23, 10], [23, 9], [22, 8], [21, 9], [21, 10], [21, 11], [21, 12], [21, 13], [21, 14], [22, 15], [23, 15], [23, 14], [22, 13], [21, 14], [20, 15], [20, 16], [21, 16], [21, 15], [20, 15], [19, 16], [18, 17], [18, 18]]
[[22, 7], [22, 6], [21, 5], [20, 5], [20, 6], [21, 7], [22, 8], [23, 9], [24, 8], [24, 7], [23, 6], [22, 6], [21, 7], [20, 8], [20, 9], [21, 9], [22, 9], [23, 8], [22, 7], [21, 8], [20, 9]]
[[22, 7], [22, 6], [21, 5], [20, 5], [20, 6], [21, 7], [22, 8], [23, 9], [24, 8], [24, 7], [23, 6], [22, 6], [21, 7], [20, 8], [20, 9], [21, 9], [22, 9], [23, 8], [22, 7], [21, 8], [20, 9], [21, 10], [22, 10], [23, 10], [23, 9], [22, 8], [21, 9], [21, 10], [21, 11], [21, 12], [21, 13], [21, 14], [22, 15], [23, 15], [23, 14], [22, 13], [21, 14], [20, 15], [20, 16], [21, 16], [21, 15], [20, 15], [19, 16], [18, 17], [18, 18]]
[[22, 7], [22, 6], [21, 5], [20, 5], [20, 6], [21, 7], [22, 8], [23, 9], [24, 8], [24, 7], [23, 6], [22, 6], [21, 7], [20, 8], [20, 9], [21, 9], [22, 9], [23, 8], [22, 7], [21, 8], [20, 9]]
[[22, 7], [22, 6], [21, 5], [20, 5], [20, 6], [21, 7], [22, 8], [23, 9], [24, 8], [24, 7], [23, 6], [22, 6], [21, 7], [20, 8], [20, 9], [21, 9], [22, 9], [23, 8], [22, 7], [21, 8], [20, 9], [21, 10], [22, 10], [23, 10], [23, 9], [22, 8], [21, 9], [21, 10], [21, 11], [21, 12], [21, 13], [21, 14], [22, 15], [23, 15], [23, 14], [22, 13], [21, 14], [20, 15], [20, 16], [21, 16], [21, 15], [20, 15], [19, 16], [18, 17], [18, 18]]
[[22, 7], [22, 6], [21, 5], [20, 5], [20, 6], [21, 7], [22, 8], [23, 9], [24, 8], [24, 7], [23, 6], [22, 6], [21, 7], [20, 8], [20, 9], [21, 9], [22, 9], [23, 8], [22, 7], [21, 8], [20, 9]]
[[22, 7], [22, 6], [21, 5], [20, 5], [20, 6], [21, 7], [22, 8], [23, 9], [24, 8], [24, 7], [23, 6], [22, 6], [21, 7], [20, 8], [20, 9], [21, 9], [22, 9], [23, 8], [22, 7], [21, 8], [20, 9], [21, 10], [22, 10], [23, 10], [23, 9], [22, 8], [21, 9], [21, 10], [21, 11], [21, 12], [21, 13], [21, 14], [22, 15], [23, 15], [23, 14], [22, 13], [21, 14], [20, 15], [20, 16], [21, 16], [21, 15], [20, 15], [19, 16], [18, 17], [18, 18]]
[[22, 7], [22, 6], [21, 5], [20, 5], [20, 6], [21, 7], [22, 8], [23, 9], [24, 8], [24, 7], [23, 6], [22, 6], [21, 7], [20, 8], [20, 9], [21, 9], [22, 9], [23, 8], [22, 7], [21, 8], [20, 9]]
[[22, 7], [22, 6], [21, 5], [20, 5], [20, 6], [21, 7], [22, 8], [23, 9], [24, 8], [24, 7], [23, 6], [22, 6], [21, 7], [20, 8], [20, 9], [21, 9], [22, 9], [23, 8], [22, 7], [21, 8], [20, 9], [21, 10], [22, 10], [23, 10], [23, 9], [22, 8], [21, 9], [21, 10], [21, 11], [21, 12], [21, 13], [21, 14], [22, 15], [23, 15], [23, 14], [22, 13], [21, 14], [20, 15], [20, 16], [21, 16], [21, 15], [20, 15], [19, 16], [18, 17], [18, 18]]
[[22, 7], [22, 6], [21, 5], [20, 5], [20, 6], [21, 7], [22, 8], [23, 9], [24, 8], [24, 7], [23, 6], [22, 6], [21, 7], [20, 8], [20, 9], [21, 9], [22, 9], [23, 8], [22, 7], [21, 8], [20, 9]]
[[22, 7], [22, 6], [21, 5], [20, 5], [20, 6], [21, 7], [22, 8], [23, 9], [24, 8], [24, 7], [23, 6], [22, 6], [21, 7], [20, 8], [20, 9], [21, 9], [22, 9], [23, 8], [22, 7], [21, 8], [20, 9], [21, 10], [22, 10], [23, 10], [23, 9], [22, 8], [21, 9], [21, 10], [21, 11], [21, 12], [21, 13], [21, 14], [22, 15], [23, 15], [23, 14], [22, 13], [21, 14], [20, 15], [20, 16], [21, 16], [21, 15], [20, 15], [19, 16], [18, 17], [18, 18]]
[[22, 7], [22, 6], [21, 5], [20, 5], [20, 6], [21, 7], [22, 8], [23, 9], [24, 8], [24, 7], [23, 6], [22, 6], [21, 7], [20, 8], [20, 9], [21, 9], [22, 9], [23, 8], [22, 7], [21, 8], [20, 9]]
[[22, 7], [22, 6], [21, 5], [20, 5], [20, 6], [21, 7], [22, 8], [23, 9], [24, 8], [24, 7], [23, 6], [22, 6], [21, 7], [20, 8], [20, 9], [21, 9], [22, 9], [23, 8], [22, 7], [21, 8], [20, 9], [21, 10], [22, 10], [23, 10], [23, 9], [22, 8], [21, 9], [21, 10], [21, 11], [21, 12], [21, 13], [21, 14], [22, 15], [23, 15], [23, 14], [22, 13], [21, 14], [20, 15], [20, 16], [21, 16], [21, 15], [20, 15], [19, 16], [18, 17], [18, 18]]
[[22, 7], [22, 6], [21, 5], [20, 5], [20, 6], [21, 7], [22, 8], [23, 9], [24, 8], [24, 7], [23, 6], [22, 6], [21, 7], [20, 8], [20, 9], [21, 9], [22, 9], [23, 8], [22, 7], [21, 8], [20, 9]]
[[22, 7], [22, 6], [21, 5], [20, 5], [20, 6], [21, 7], [22, 8], [23, 9], [24, 8], [24, 7], [23, 6], [22, 6], [21, 7], [20, 8], [20, 9], [21, 9], [22, 9], [23, 8], [22, 7], [21, 8], [20, 9], [21, 10], [22, 10], [23, 10], [23, 9], [22, 8], [21, 9], [21, 10], [21, 11], [21, 12], [21, 13], [21, 14], [22, 15], [23, 15], [23, 14], [22, 13], [21, 14], [20, 15], [20, 16], [21, 16], [21, 15], [20, 15], [19, 16], [18, 17], [18, 18]]
[[22, 7], [22, 6], [21, 5], [20, 5], [20, 6], [21, 7], [22, 8], [23, 9], [24, 8], [24, 7], [23, 6], [22, 6], [21, 7], [20, 8], [20, 9], [21, 9], [22, 9], [23, 8], [22, 7], [21, 8], [20, 9]]
[[22, 7], [22, 6], [21, 5], [20, 5], [20, 6], [21, 7], [22, 8], [23, 9], [24, 8], [24, 7], [23, 6], [22, 6], [21, 7], [20, 8], [20, 9], [21, 9], [22, 9], [23, 8], [22, 7], [21, 8], [20, 9], [21, 10], [22, 10], [23, 10], [23, 9], [22, 8], [21, 9], [21, 10], [21, 11], [21, 12], [21, 13], [21, 14], [22, 15], [23, 15], [23, 14], [22, 13], [21, 14], [20, 15], [20, 16], [21, 16], [21, 15], [20, 15], [19, 16], [18, 17], [18, 18]]
[[22, 7], [22, 6], [21, 5], [20, 5], [20, 6], [21, 7], [22, 8], [23, 9], [24, 8], [24, 7], [23, 6], [22, 6], [21, 7], [20, 8], [20, 9], [21, 9], [22, 9], [23, 8], [22, 7], [21, 8], [20, 9]]
[[22, 7], [22, 6], [21, 5], [20, 5], [20, 6], [21, 7], [22, 8], [23, 9], [24, 8], [24, 7], [23, 6], [22, 6], [21, 7], [20, 8], [20, 9], [21, 9], [22, 9], [23, 8], [22, 7], [21, 8], [20, 9], [21, 10], [22, 10], [23, 10], [23, 9], [22, 8], [21, 9], [21, 10], [21, 11], [21, 12], [21, 13], [21, 14], [22, 15], [23, 15], [23, 14], [22, 13], [21, 14], [20, 15], [20, 16], [21, 16], [21, 15], [20, 15], [19, 15], [18, 15], [17, 16], [17, 17], [17, 18], [17, 19]]
[[22, 7], [22, 6], [21, 5], [20, 5], [20, 6], [21, 7], [22, 8], [23, 9], [24, 8], [24, 7], [23, 6], [22, 6], [21, 7], [20, 8], [20, 9], [21, 9], [22, 9], [23, 8], [22, 7], [21, 8], [20, 9]]
[[22, 7], [22, 6], [21, 5], [20, 5], [20, 6], [21, 7], [22, 8], [23, 9], [24, 8], [24, 7], [23, 6], [22, 6], [21, 7], [20, 8], [20, 9], [21, 9], [22, 9], [23, 8], [22, 7], [21, 8], [20, 9], [21, 10], [22, 10], [23, 10], [23, 9], [22, 8], [21, 9], [21, 10], [21, 11], [21, 12], [21, 13], [21, 14], [22, 15], [23, 15], [23, 14], [22, 13], [21, 14], [20, 15], [20, 16], [21, 16], [21, 15], [20, 15], [19, 15], [18, 15], [17, 16], [17, 17], [17, 18], [17, 19]]
[[22, 7], [22, 6], [21, 5], [20, 5], [20, 6], [21, 7], [22, 8], [23, 9], [24, 8], [24, 7], [23, 6], [22, 6], [21, 7], [20, 8], [20, 9], [21, 9], [22, 9], [23, 8], [22, 7], [21, 8], [20, 9]]
[[22, 7], [22, 6], [21, 5], [20, 5], [20, 6], [21, 7], [22, 8], [23, 9], [24, 8], [24, 7], [23, 6], [22, 6], [21, 7], [20, 8], [20, 9], [21, 9], [22, 9], [23, 8], [22, 7], [21, 8], [20, 9], [21, 10], [22, 10], [23, 10], [23, 9], [22, 8], [21, 9], [21, 10], [21, 11], [21, 12], [21, 13], [21, 14], [22, 15], [23, 15], [23, 14], [22, 13], [21, 14], [20, 15], [20, 16], [21, 16], [21, 15], [20, 15], [19, 15], [18, 15], [17, 16], [17, 17], [17, 18], [17, 19]]
[[22, 7], [22, 6], [21, 5], [20, 5], [20, 6], [21, 7], [22, 8], [23, 9], [24, 8], [24, 7], [23, 6], [22, 6], [21, 7], [20, 8], [20, 9], [21, 9], [22, 9], [23, 8], [22, 7], [21, 8], [20, 9]]
[[22, 7], [22, 6], [21, 5], [20, 5], [20, 6], [21, 7], [22, 8], [23, 9], [24, 8], [24, 7], [23, 6], [22, 6], [21, 7], [20, 8], [20, 9], [21, 9], [22, 9], [23, 8], [22, 7], [21, 8], [20, 9], [21, 10], [22, 10], [23, 10], [23, 9], [22, 8], [21, 9], [21, 10], [21, 11], [21, 12], [21, 13], [21, 14], [22, 15], [23, 15], [23, 14], [22, 13], [21, 14], [20, 15], [20, 16], [21, 16], [21, 15], [20, 15], [19, 15], [18, 15], [17, 16], [17, 17], [17, 18], [17, 19]]
[[22, 7], [22, 6], [21, 5], [20, 5], [20, 6], [21, 7], [22, 8], [23, 9], [24, 8], [24, 7], [23, 6], [22, 6], [21, 7], [20, 8], [20, 9], [21, 9], [22, 9], [23, 8], [22, 7], [21, 8], [20, 9]]
[[22, 7], [22, 6], [21, 5], [20, 5], [20, 6], [21, 7], [22, 8], [23, 9], [24, 8], [24, 7], [23, 6], [22, 6], [21, 7], [20, 8], [20, 9], [21, 9], [22, 9], [23, 8], [22, 7], [21, 8], [20, 9], [21, 10], [22, 10], [23, 10], [23, 9], [22, 8], [21, 9], [21, 10], [21, 11], [21, 12], [21, 13], [21, 14], [22, 15], [23, 15], [23, 14], [22, 13], [21, 14], [20, 15], [20, 16], [21, 16], [21, 15], [20, 15], [19, 15], [18, 15], [17, 16], [17, 17], [17, 18], [17, 19]]
[[22, 7], [22, 6], [21, 5], [20, 5], [20, 6], [21, 7], [22, 8], [23, 9], [24, 8], [24, 7], [23, 6], [22, 6], [21, 7], [20, 8], [20, 9], [21, 9], [22, 9], [23, 8], [22, 7], [21, 8], [20, 9]]
[[22, 7], [22, 6], [21, 5], [20, 5], [20, 6], [21, 7], [22, 8], [23, 9], [24, 8], [24, 7], [23, 6], [22, 6], [21, 7], [20, 8], [20, 9], [21, 9], [22, 9], [23, 8], [22, 7], [21, 8], [20, 9], [21, 10], [22, 10], [23, 10], [23, 9], [22, 8], [21, 9], [21, 10], [21, 11], [21, 12], [21, 13], [21, 14], [22, 15], [23, 15], [23, 14], [22, 13], [21, 14], [20, 15], [20, 16], [21, 16], [21, 15], [20, 15], [19, 15], [18, 15], [17, 16], [17, 17], [17, 18], [17, 19]]
[[22, 7], [22, 6], [21, 5], [20, 5], [20, 6], [21, 7], [22, 8], [23, 9], [24, 8], [24, 7], [23, 6], [22, 6], [21, 7], [20, 8], [20, 9], [21, 9], [22, 9], [23, 8], [22, 7], [21, 8], [20, 9]]
[[22, 7], [22, 6], [21, 5], [20, 5], [20, 6], [21, 7], [22, 8], [23, 9], [24, 8], [24, 7], [23, 6], [22, 6], [21, 7], [20, 8], [20, 9], [21, 9], [22, 9], [23, 8], [22, 7], [21, 8], [20, 9], [21, 10], [22, 10], [23, 10], [23, 9], [22, 8], [21, 9], [21, 10], [21, 11], [21, 12], [21, 13], [21, 14], [22, 15], [23, 15], [23, 14], [22, 13], [21, 14], [20, 15], [20, 16], [21, 16], [21, 15], [20, 15], [19, 15], [18, 15], [17, 16], [17, 17], [17, 18], [17, 19], [17, 20]]
[[22, 7], [22, 6], [21, 5], [20, 5], [20, 6], [21, 7], [22, 8], [23, 9], [24, 8], [24, 7], [23, 6], [22, 6], [21, 7], [20, 8], [20, 9], [21, 9], [22, 9], [23, 8], [22, 7], [21, 8], [20, 9]]
[[22, 7], [22, 6], [21, 5], [20, 5], [20, 6], [21, 7], [22, 8], [23, 9], [24, 8], [24, 7], [23, 6], [22, 6], [21, 7], [20, 8], [20, 9], [21, 9], [22, 9], [23, 8], [22, 7], [21, 8], [20, 9], [21, 10], [22, 10], [23, 10], [23, 9], [22, 8], [21, 9], [21, 10], [21, 11], [21, 12], [21, 13], [21, 14], [22, 15], [23, 15], [23, 14], [22, 13], [21, 14], [20, 15], [20, 16], [21, 16], [21, 15], [20, 15], [19, 15], [18, 15], [17, 16], [17, 17], [17, 18], [17, 19], [17, 20]]
[[22, 7], [22, 6], [21, 5], [20, 5], [20, 6], [21, 7], [22, 8], [23, 9], [24, 8], [23, 7], [22, 7], [21, 8], [21, 9], [21, 10], [22, 11], [23, 10], [24, 9], [24, 8], [23, 8], [23, 9], [23, 10], [23, 11], [23, 12], [23, 13]]
[[22, 7], [22, 6], [21, 5], [20, 5], [20, 6], [21, 7], [22, 8], [23, 9], [24, 8], [24, 7], [23, 6], [22, 6], [21, 7], [20, 8], [20, 9], [21, 9], [22, 9], [23, 8], [22, 7], [21, 8], [20, 9], [21, 10], [22, 10], [23, 10], [23, 9], [22, 8], [21, 9], [21, 10], [21, 11], [21, 12], [21, 13], [21, 14], [22, 15], [23, 15], [23, 14], [22, 13], [21, 14], [20, 15], [20, 16], [21, 16], [21, 15], [20, 15], [19, 15], [18, 15], [17, 16], [17, 17], [17, 18], [17, 19], [17, 20]]
[[22, 7], [22, 6], [21, 5], [20, 5], [20, 6], [21, 7], [22, 8], [23, 9], [24, 8], [23, 7], [22, 7], [21, 8], [21, 9], [21, 10], [22, 11], [23, 10], [24, 9], [24, 8], [23, 8], [23, 9], [23, 10], [23, 11], [23, 12], [23, 13]]
[[22, 7], [22, 6], [21, 5], [20, 5], [20, 6], [21, 7], [22, 8], [23, 9], [24, 8], [24, 7], [23, 6], [22, 6], [21, 7], [20, 8], [20, 9], [21, 9], [22, 9], [23, 8], [22, 7], [21, 8], [20, 9], [21, 10], [22, 10], [23, 10], [23, 9], [22, 8], [21, 9], [21, 10], [21, 11], [21, 12], [21, 13], [21, 14], [22, 15], [23, 15], [23, 14], [22, 13], [21, 14], [20, 15], [20, 16], [21, 16], [21, 15], [20, 15], [19, 15], [18, 15], [17, 16], [17, 17], [17, 18], [17, 19]]
[[22, 7], [22, 6], [21, 5], [20, 5], [20, 6], [21, 7], [22, 8], [23, 9], [24, 8], [23, 7], [22, 7], [21, 8], [21, 9], [21, 10], [22, 11], [23, 10], [24, 9], [24, 8], [23, 8], [23, 9], [23, 10], [23, 11], [23, 12]]
[[22, 7], [22, 6], [21, 5], [20, 5], [20, 6], [21, 7], [22, 8], [23, 9], [24, 8], [24, 7], [23, 6], [22, 6], [21, 7], [20, 8], [20, 9], [21, 9], [22, 9], [23, 8], [22, 7], [21, 8], [20, 9], [21, 10], [22, 10], [23, 10], [23, 9], [22, 8], [21, 9], [21, 10], [21, 11], [21, 12], [21, 13], [21, 14], [22, 15], [23, 15], [23, 14], [22, 13], [21, 14], [20, 15], [20, 16], [21, 16], [21, 15], [20, 15], [19, 15], [18, 15], [17, 16], [17, 17], [17, 18], [17, 19], [17, 20]]
[[22, 7], [22, 6], [21, 5], [20, 5], [20, 6], [21, 7], [22, 8], [23, 9], [24, 8], [23, 7], [22, 7], [21, 8], [21, 9], [21, 10], [22, 11], [23, 10], [24, 9], [24, 8], [23, 8], [23, 9], [23, 10], [23, 11], [23, 12]]
[[22, 7], [22, 6], [21, 5], [20, 5], [20, 6], [21, 7], [22, 8], [23, 9], [24, 8], [24, 7], [23, 6], [22, 6], [21, 7], [20, 8], [20, 9], [21, 9], [22, 9], [23, 8], [22, 7], [21, 8], [20, 9], [21, 10], [22, 10], [23, 10], [23, 9], [22, 8], [21, 9], [21, 10], [21, 11], [21, 12], [21, 13], [21, 14], [22, 15], [23, 15], [23, 14], [22, 13], [21, 14], [20, 15], [20, 16], [21, 16], [21, 15], [20, 15], [19, 15], [18, 15], [17, 16], [17, 17], [17, 18], [17, 19], [17, 20]]
[[22, 7], [22, 6], [21, 5], [20, 5], [20, 6], [21, 7], [22, 8], [23, 9], [24, 8], [23, 7], [22, 7], [21, 8], [21, 9], [21, 10], [22, 11], [23, 10], [24, 9], [24, 8], [23, 8], [23, 9], [23, 10], [23, 11], [23, 12]]
[[22, 7], [22, 6], [21, 5], [20, 5], [20, 6], [21, 7], [22, 8], [23, 9], [24, 8], [24, 7], [23, 6], [22, 6], [21, 7], [20, 8], [20, 9], [21, 9], [22, 9], [23, 8], [22, 7], [21, 8], [20, 9], [21, 10], [22, 10], [23, 10], [23, 9], [22, 8], [21, 9], [21, 10], [21, 11], [21, 12], [21, 13], [21, 14], [22, 15], [23, 15], [23, 14], [22, 13], [21, 14], [20, 15], [20, 16], [21, 16], [21, 15], [20, 15], [19, 15], [18, 15], [17, 16], [17, 17], [17, 18], [17, 19], [17, 20]]
[[22, 7], [22, 6], [21, 5], [20, 5], [20, 6], [21, 7], [22, 8], [23, 9], [24, 8], [23, 7], [22, 7], [21, 8], [21, 9], [21, 10], [22, 11], [23, 10], [24, 9], [24, 8], [23, 8], [23, 9], [23, 10], [23, 11], [23, 12]]
[[22, 7], [22, 6], [21, 5], [20, 5], [20, 6], [21, 7], [22, 8], [23, 9], [24, 8], [24, 7], [23, 6], [22, 6], [21, 7], [20, 8], [20, 9], [21, 9], [22, 9], [23, 8], [22, 7], [21, 8], [20, 9], [21, 10], [22, 10], [23, 10], [23, 9], [22, 8], [21, 9], [21, 10], [21, 11], [21, 12], [21, 13], [21, 14], [22, 15], [23, 15], [23, 14], [22, 13], [21, 14], [20, 15], [20, 16], [21, 16], [21, 15], [20, 15], [19, 15], [18, 15], [17, 16], [17, 17], [17, 18], [17, 19], [17, 20]]
[[22, 7], [22, 6], [21, 5], [20, 5], [20, 6], [21, 7], [22, 8], [23, 9], [24, 8], [23, 7], [22, 7], [21, 8], [21, 9], [21, 10], [22, 11], [23, 10], [24, 9], [24, 8], [23, 8], [23, 9], [23, 10], [23, 11], [23, 12]]
[0, 0, 0, 0, 0, 0, 0, 0, 0, 0, 0, 0, 0, 0, 0, 0, 0, 0, 1, 0, 0, 0, 0, 1, 0, 0, 0, 0, 0, 0, 0, 0, 0, 0, 0, 0, 1, 0, 0, 0, 0, 0, 0, 0, 0, 0, 0, 0, 0, 0]
[0, 0, 0, 0, 0, 0, 0, 1, 0, 0, 1, 0, 0, 0, 0, 0, 0, 0, 0, 0, 0, 0, 1, 0, 0, 0, 0, 0, 0, 0, 0, 0, 0, 0, 0, 0, 0, 0, 0, 0, 0, 0, 0, 0, 0, 0, 0, 0, 0, 0]
[0, 0, 0, 0, 0, 0, 0, 0, 0, 0, 0, 0, 0, 0, 0, 0, 0, 0, 0, 0, 0, 0, 0, 0, 0, 0, 0, 0, 1, 0, 1, 0, 1, 0, 0, 0, 0, 0, 0, 1, 0, 1, 0, 0, 0, 0, 0, 0, 0, 0]
[0, 0, 0, 0, 1, 0, 0, 0, 0, 0, 0, 0, 0, 0, 1, 0, 0, 1, 0, 1, 0, 0, 0, 0, 0, 0, 0, 0, 0, 0, 0, 0, 0, 0, 0, 0, 0, 0, 0, 0, 0, 0, 0, 0, 0, 0, 0, 0, 0, 0]
[0, 0, 0, 0, 0, 0, 0, 0, 0, 0, 0, 0, 0, 0, 0, 1, 0, 0, 0, 1, 0, 0, 0, 1, 0, 0, 1, 1, 0, 0, 0, 0, 0, 0, 0, 0, 0, 0, 0, 0, 0, 0, 0, 0, 0, 0, 0, 0, 0, 0]
[0, 0, 0, 0, 0, 0, 0, 0, 0, 0, 1, 0, 0, 0, 0, 0, 0, 0, 0, 0, 0, 0, 0, 0, 0, 0, 0, 0, 1, 0, 0, 0, 0, 0, 1, 0, 0, 0, 1, 0, 0, 2, 0, 0, 0, 0, 0, 0, 0, 0]
[0, 0, 0, 0, 0, 0, 0, 1, 0, 0, 0, 0, 0, 0, 0, 0, 0, 0, 0, 0, 0, 1, 0, 0, 0, 0, 0, 0, 0, 1, 0, 0, 0, 0, 0, 0, 0, 0, 0, 0, 0, 0, 0, 0, 0, 0, 0, 0, 0, 0]
[0, 1, 0, 0, 0, 1, 0, 0, 0, 0, 0, 0, 0, 1, 0, 0, 0, 0, 0, 0, 0, 0, 0, 1, 0, 0, 0, 0, 0, 0, 0, 0, 0, 0, 0, 0, 0, 0, 0, 0, 0, 0, 0, 0, 0, 0, 0, 0, 0, 0]
[1, 0, 0, 0, 0, 0, 0, 0, 0, 0, 0, 0, 0, 0, 0, 0, 0, 0, 1, 0, 1, 0, 0, 0, 0, 0, 0, 0, 1, 0, 0, 0, 0, 0, 1, 0, 0, 0, 0, 0, 0, 0, 0, 0, 0, 0, 0, 0, 0, 0]
[0, 0, 0, 0, 1, 0, 1, 1, 0, 0, 0, 0, 0, 0, 0, 0, 0, 0, 0, 0, 0, 0, 1, 0, 0, 0, 0, 0, 0, 0, 0, 0, 0, 0, 0, 0, 0, 0, 0, 0, 0, 0, 0, 0, 0, 0, 0, 0, 0, 0]
[0, 0, 0, 0, 0, 0, 0, 0, 0, 0, 0, 0, 0, 0, 0, 0, 0, 0, 0, 0, 0, 0, 0, 0, 0, 0, 1, 0, 0, 0, 0, 0, 0, 0, 0, 0, 0, 0, 0, 0, 1, 0, 0, 0, 1, 0, 0, 0, 0, 0]
[0, 0, 0, 0, 0, 0, 0, 0, 0, 0, 0, 0, 0, 0, 0, 0, 0, 0, 0, 0, 0, 1, 0, 0, 0, 0, 1, 0, 0, 0, 1, 0, 0, 0, 0, 0, 0, 0, 1, 0, 0, 0, 0, 1, 0, 0, 0, 0, 0, 0]
[0, 0, 0, 0, 0, 0, 0, 0, 0, 0, 0, 0, 0, 0, 0, 0, 0, 0, 0, 0, 0, 0, 0, 0, 0, 0, 0, 0, 0, 0, 0, 0, 0, 0, 0, 0, 0, 0, 0, 0, 1, 0, 0, 1, 0, 0, 0, 0, 0, 1]
[1, 0, 0, 0, 0, 0, 0, 0, 0, 0, 0, 0, 0, 0, 0, 0, 0, 0, 0, 0, 1, 0, 0, 0, 0, 0, 0, 0, 0, 0, 0, 0, 0, 0, 0, 0, 0, 0, 0, 0, 0, 1, 0, 0, 0, 0, 0, 0, 0, 0]
[1, 0, 0, 0, 0, 0, 0, 37, 38, 0, 0, 0, 0, 0, 0, 0, 0, 0, 52, 53, 1, 0, 0, 0, 0, 0, 0, 0, 0, 0, 0, 0, 0, 0, 0, 0, 0, 0, 0, 0, 0, 0, 0, 0, 0, 0, 0, 0, 0, 0]
[0, 1, 0, 0, 0, 36, 36, 0, 1, 0, 0, 0, 0, 0, 1, 0, 0, 51, 0, 54, 0, 0, 0, 0, 0, 0, 0, 0, 0, 0, 0, 0, 0, 0, 0, 0, 0, 0, 0, 0, 1, 0, 0, 0, 0, 0, 0, 0, 0, 0]
[0, 1, 1, 0, 35, 0, 35, 38, 0, 0, 0, 0, 0, 51, 0, 0, 50, 0, 1, 1, 0, 0, 0, 0, 0, 0, 0, 0, 0, 0, 0, 0, 0, 0, 0, 0, 0, 0, 0, 0, 0, 0, 0, 0, 0, 0, 0, 0, 0, 0]
[0, 48, 28, 43, 28, 29, 34, 1, 0, 0, 0, 0, 50, 0, 0, 49, 49, 50, 51, 52, 53, 52, 0, 0, 0, 0, 0, 0, 0, 1, 0, 0, 0, 0, 0, 0, 0, 0, 0, 0, 0, 0, 0, 0, 0, 0, 0, 0, 1, 0]
[0, 0, 41, 27, 45, 18, 33, 17, 1, 0, 0, 49, 35, 1, 48, 48, 50, 48, 52, 53, 1, 0, 53, 0, 0, 0, 1, 0, 0, 0, 0, 0, 0, 0, 0, 0, 0, 0, 0, 1, 0, 0, 0, 0, 0, 0, 0, 0, 0, 0]
[0, 0, 38, 46, 26, 18, 16, 16, 28, 1, 27, 48, 35, 47, 47, 47, 48, 49, 1, 53, 55, 54, 0, 0, 1, 0, 0, 0, 0, 0, 0, 0, 0, 0, 1, 0, 0, 0, 0, 1, 0, 0, 0, 0, 0, 0, 0, 0, 0, 0]
[1, 0, 47, 42, 8, 8, 9, 15, 17, 12, 30, 34, 47, 49, 43, 46, 43, 44, 0, 0, 0, 0, 0, 0, 0, 0, 0, 0, 0, 1, 0, 0, 0, 0, 0, 0, 0, 0, 0, 0, 0, 0, 0, 0, 0, 0, 0, 0, 0, 0]
[49, 48, 40, 33, 8, 7, 24, 10, 16, 17, 18, 33, 34, 35, 41, 45, 44, 45, 49, 0, 0, 0, 0, 0, 0, 0, 0, 0, 0, 0, 0, 0, 0, 0, 1, 0, 0, 0, 0, 1, 0, 0, 0, 0, 0, 0, 0, 0, 0, 0]
[1, 0, 34, 39, 28, 7, 6, 15, 11, 17, 27, 19, 39, 40, 45, 37, 45, 51, 0, 0, 0, 1, 1, 0, 0, 0, 0, 0, 0, 1, 0, 0, 0, 0, 0, 0, 0, 0, 0, 0, 0, 0, 0, 0, 0, 0, 0, 0, 0, 0]
[36, 35, 0, 0, 0, 1, 13, 14, 23, 24, 25, 26, 27, 40, 39, 38, 1, 52, 0, 0, 0, 0, 0, 0, 0, 0, 0, 0, 0, 0, 0, 0, 0, 0, 0, 0, 0, 0, 0, 0, 0, 0, 0, 0, 0, 0, 0, 0, 0, 0]
[0, 0, 0, 1, 23, 22, 13, 23, 22, 21, 25, 1, 30, 1, 37, 39, 0, 51, 0, 0, 0, 1, 0, 0, 1, 0, 0, 0, 0, 0, 0, 0, 0, 0, 0, 0, 0, 0, 0, 0, 0, 0, 0, 0, 0, 0, 0, 0, 0, 0]